<?xml version="1.0" encoding="UTF-8"?>
<!-- Generated by org.testng.reporters.JUnitReportReporter -->
<testsuite hostname="DESKTOP-9BEH15F" failures="0" tests="4" name="api.test.UserTests" time="8.468" errors="0" timestamp="2024-01-17T08:45:23 IST" skipped="0">
  <testcase classname="api.test.UserTests" name="testPostUser" time="2.538"/>
  <system-out/>
  <testcase classname="api.test.UserTests" name="testGetUserByName" time="1.506"/>
  <system-out/>
  <testcase classname="api.test.UserTests" name="testUpdateUserByName" time="2.975"/>
  <system-out/>
  <testcase classname="api.test.UserTests" name="testDeleteUserByName" time="1.449"/>
  <system-out/>
</testsuite> <!-- api.test.UserTests -->
